[2025-09-12T09:57:55.607Z] [INFO] Registering graph tools with toolset: read-only
[2025-09-12T09:58:15.149Z] [INFO] GET fallback attempted: http://127.0.0.1:3000/api/graph-api
[2025-09-12T09:58:15.150Z] [ERROR] GET alt fetch failed: TypeError: fetch failed
[2025-09-12T09:58:15.161Z] [INFO] GET local fallback: using _graph/graph.xml
[2025-09-12T09:59:17.580Z] [INFO] Registering graph tools with toolset: read-only
[2025-09-12T09:59:19.573Z] [INFO] Registering graph tools with toolset: read-only
[2025-09-12T09:59:32.893Z] [INFO] Registering graph tools with toolset: read-only
[2025-09-12T09:59:34.636Z] [INFO] Registering graph tools with toolset: read-only
[2025-09-12T10:01:23.387Z] [INFO] Registering graph tools with toolset: read-only
[2025-09-12T10:02:42.005Z] [DEBUG] Adding node: reviews-section
[2025-09-12T10:02:42.005Z] [DEBUG] Fetching graph from http://localhost:3000/api/graph-api
[2025-09-12T10:02:42.068Z] [DEBUG] Loaded graph with 6 nodes
[2025-09-12T10:02:42.068Z] [DEBUG] Created node object with 2 properties
[2025-09-12T10:02:42.069Z] [DEBUG] Property 0 (reviews-section-title) validated successfully
[2025-09-12T10:02:42.069Z] [DEBUG] Property 1 (reviews-section-subtitle) validated successfully
[2025-09-12T10:02:42.069Z] [DEBUG] Added node to graph, total nodes: 7
[2025-09-12T10:02:42.069Z] [DEBUG] Saving updated graph to http://localhost:3000/api/graph-api
[2025-09-12T10:02:42.069Z] [DEBUG] PUT: Converting graph to XML for http://localhost:3000/api/graph-api
[2025-09-12T10:02:42.070Z] [DEBUG] PUT: XML length: 26597 characters
[2025-09-12T10:02:42.071Z] [DEBUG] PUT: Sending request to http://localhost:3000/api/graph-api
[2025-09-12T10:02:42.093Z] [DEBUG] PUT: Response status: 200
[2025-09-12T10:02:42.093Z] [DEBUG] PUT: Request completed successfully
[2025-09-12T10:02:42.093Z] [DEBUG] Successfully added node reviews-section
[2025-09-12T10:03:38.676Z] [DEBUG] PUT: Converting graph to XML for http://localhost:3000/api/graph-api
[2025-09-12T10:03:38.677Z] [DEBUG] PUT: XML length: 25949 characters
[2025-09-12T10:03:38.677Z] [DEBUG] PUT: Sending request to http://localhost:3000/api/graph-api
[2025-09-12T10:03:38.695Z] [DEBUG] PUT: Response status: 200
[2025-09-12T10:03:38.695Z] [DEBUG] PUT: Request completed successfully
[2025-09-12T10:25:01.478Z] [INFO] Registering graph tools with toolset: read-only
